<?xml version="1.0" encoding="UTF-8"?>
<testng-results ignored="0" total="8" passed="8" failed="0" skipped="0">
  <reporter-output>
  </reporter-output>
  <suite started-at="2020-02-26T19:50:48 IST" name="Default suite" finished-at="2020-02-26T19:51:42 IST" duration-ms="54738">
    <groups>
    </groups>
    <test started-at="2020-02-26T19:50:48 IST" name="Default test" finished-at="2020-02-26T19:51:42 IST" duration-ms="54738">
      <class name="Test.PriceComparisonTest">
        <test-method is-config="true" signature="beforesuite(org.testng.ITestContext)[pri:0, instance:Test.PriceComparisonTest@6c779568]" started-at="2020-02-26T19:50:47 IST" name="beforesuite" finished-at="2020-02-26T19:50:48 IST" duration-ms="339" status="PASS">
          <params>
            <param index="0">
              <value>
                <![CDATA[org.testng.TestRunner@3db972d2]]>
              </value>
            </param>
          </params>
          <reporter-output>
          </reporter-output>
        </test-method> <!-- beforesuite -->
        <test-method is-config="true" signature="beforeTest(org.testng.ITestContext)[pri:0, instance:Test.PriceComparisonTest@6c779568]" started-at="2020-02-26T19:50:48 IST" name="beforeTest" finished-at="2020-02-26T19:50:48 IST" duration-ms="8" status="PASS">
          <params>
            <param index="0">
              <value>
                <![CDATA[org.testng.TestRunner@3db972d2]]>
              </value>
            </param>
          </params>
          <reporter-output>
          </reporter-output>
        </test-method> <!-- beforeTest -->
        <test-method is-config="true" signature="beforemethod(java.lang.reflect.Method)[pri:0, instance:Test.PriceComparisonTest@6c779568]" started-at="2020-02-26T19:50:48 IST" name="beforemethod" finished-at="2020-02-26T19:50:48 IST" duration-ms="6" status="PASS">
          <params>
            <param index="0">
              <value>
                <![CDATA[public void Test.AmazonPageTest.homePage()]]>
              </value>
            </param>
          </params>
          <reporter-output>
          </reporter-output>
        </test-method> <!-- beforemethod -->
        <test-method signature="homePage()[pri:0, instance:Test.PriceComparisonTest@6c779568]" started-at="2020-02-26T19:50:48 IST" name="homePage" finished-at="2020-02-26T19:51:11 IST" duration-ms="23378" status="PASS">
          <reporter-output>
          </reporter-output>
        </test-method> <!-- homePage -->
        <test-method is-config="true" signature="resultstatus(org.testng.ITestResult)[pri:0, instance:Test.PriceComparisonTest@6c779568]" started-at="2020-02-26T19:51:11 IST" name="resultstatus" finished-at="2020-02-26T19:51:12 IST" duration-ms="659" status="PASS">
          <params>
            <param index="0">
              <value>
                <![CDATA[[TestResult name=homePage status=SUCCESS method=AmazonPageTest.homePage()[pri:0, instance:Test.PriceComparisonTest@6c779568] output={null}]]]>
              </value>
            </param>
          </params>
          <reporter-output>
          </reporter-output>
        </test-method> <!-- resultstatus -->
        <test-method is-config="true" signature="beforemethod(java.lang.reflect.Method)[pri:0, instance:Test.PriceComparisonTest@6c779568]" started-at="2020-02-26T19:51:12 IST" name="beforemethod" finished-at="2020-02-26T19:51:12 IST" duration-ms="7" status="PASS">
          <params>
            <param index="0">
              <value>
                <![CDATA[public void Test.AmazonPageTest.navigate_to_amazonPage()]]>
              </value>
            </param>
          </params>
          <reporter-output>
          </reporter-output>
        </test-method> <!-- beforemethod -->
        <test-method signature="navigate_to_amazonPage()[pri:1, instance:Test.PriceComparisonTest@6c779568]" started-at="2020-02-26T19:51:12 IST" name="navigate_to_amazonPage" finished-at="2020-02-26T19:51:12 IST" duration-ms="250" status="PASS">
          <reporter-output>
          </reporter-output>
        </test-method> <!-- navigate_to_amazonPage -->
        <test-method is-config="true" signature="resultstatus(org.testng.ITestResult)[pri:0, instance:Test.PriceComparisonTest@6c779568]" started-at="2020-02-26T19:51:12 IST" name="resultstatus" finished-at="2020-02-26T19:51:13 IST" duration-ms="485" status="PASS">
          <params>
            <param index="0">
              <value>
                <![CDATA[[TestResult name=navigate_to_amazonPage status=SUCCESS method=AmazonPageTest.navigate_to_amazonPage()[pri:1, instance:Test.PriceComparisonTest@6c779568] output={null}]]]>
              </value>
            </param>
          </params>
          <reporter-output>
          </reporter-output>
        </test-method> <!-- resultstatus -->
        <test-method signature="enteringValueInSearch()[pri:2, instance:Test.PriceComparisonTest@6c779568]" started-at="2020-02-26T19:51:13 IST" name="enteringValueInSearch" finished-at="2020-02-26T19:51:23 IST" duration-ms="10242" status="PASS">
          <reporter-output>
          </reporter-output>
        </test-method> <!-- enteringValueInSearch -->
        <test-method is-config="true" signature="beforemethod(java.lang.reflect.Method)[pri:0, instance:Test.PriceComparisonTest@6c779568]" started-at="2020-02-26T19:51:13 IST" name="beforemethod" finished-at="2020-02-26T19:51:13 IST" duration-ms="0" status="PASS">
          <params>
            <param index="0">
              <value>
                <![CDATA[public void Test.AmazonPageTest.enteringValueInSearch()]]>
              </value>
            </param>
          </params>
          <reporter-output>
          </reporter-output>
        </test-method> <!-- beforemethod -->
        <test-method is-config="true" signature="resultstatus(org.testng.ITestResult)[pri:0, instance:Test.PriceComparisonTest@6c779568]" started-at="2020-02-26T19:51:23 IST" name="resultstatus" finished-at="2020-02-26T19:51:23 IST" duration-ms="515" status="PASS">
          <params>
            <param index="0">
              <value>
                <![CDATA[[TestResult name=enteringValueInSearch status=SUCCESS method=AmazonPageTest.enteringValueInSearch()[pri:2, instance:Test.PriceComparisonTest@6c779568] output={null}]]]>
              </value>
            </param>
          </params>
          <reporter-output>
          </reporter-output>
        </test-method> <!-- resultstatus -->
        <test-method is-config="true" signature="beforemethod(java.lang.reflect.Method)[pri:0, instance:Test.PriceComparisonTest@6c779568]" started-at="2020-02-26T19:51:23 IST" name="beforemethod" finished-at="2020-02-26T19:51:23 IST" duration-ms="1" status="PASS">
          <params>
            <param index="0">
              <value>
                <![CDATA[public void Test.AmazonPageTest.getting_the_price_of_the_phone()]]>
              </value>
            </param>
          </params>
          <reporter-output>
          </reporter-output>
        </test-method> <!-- beforemethod -->
        <test-method signature="getting_the_price_of_the_phone()[pri:3, instance:Test.PriceComparisonTest@6c779568]" started-at="2020-02-26T19:51:23 IST" name="getting_the_price_of_the_phone" finished-at="2020-02-26T19:51:23 IST" duration-ms="59" status="PASS">
          <reporter-output>
          </reporter-output>
        </test-method> <!-- getting_the_price_of_the_phone -->
        <test-method is-config="true" signature="resultstatus(org.testng.ITestResult)[pri:0, instance:Test.PriceComparisonTest@6c779568]" started-at="2020-02-26T19:51:23 IST" name="resultstatus" finished-at="2020-02-26T19:51:24 IST" duration-ms="471" status="PASS">
          <params>
            <param index="0">
              <value>
                <![CDATA[[TestResult name=getting_the_price_of_the_phone status=SUCCESS method=AmazonPageTest.getting_the_price_of_the_phone()[pri:3, instance:Test.PriceComparisonTest@6c779568] output={null}]]]>
              </value>
            </param>
          </params>
          <reporter-output>
          </reporter-output>
        </test-method> <!-- resultstatus -->
        <test-method is-config="true" signature="beforemethod(java.lang.reflect.Method)[pri:0, instance:Test.PriceComparisonTest@6c779568]" started-at="2020-02-26T19:51:24 IST" name="beforemethod" finished-at="2020-02-26T19:51:24 IST" duration-ms="0" status="PASS">
          <params>
            <param index="0">
              <value>
                <![CDATA[public void Test.FlipkartPageTest.navigate_to_flipkartPage()]]>
              </value>
            </param>
          </params>
          <reporter-output>
          </reporter-output>
        </test-method> <!-- beforemethod -->
        <test-method signature="navigate_to_flipkartPage()[pri:4, instance:Test.PriceComparisonTest@6c779568]" started-at="2020-02-26T19:51:24 IST" name="navigate_to_flipkartPage" finished-at="2020-02-26T19:51:37 IST" duration-ms="13349" status="PASS">
          <reporter-output>
          </reporter-output>
        </test-method> <!-- navigate_to_flipkartPage -->
        <test-method is-config="true" signature="resultstatus(org.testng.ITestResult)[pri:0, instance:Test.PriceComparisonTest@6c779568]" started-at="2020-02-26T19:51:37 IST" name="resultstatus" finished-at="2020-02-26T19:51:38 IST" duration-ms="590" status="PASS">
          <params>
            <param index="0">
              <value>
                <![CDATA[[TestResult name=navigate_to_flipkartPage status=SUCCESS method=FlipkartPageTest.navigate_to_flipkartPage()[pri:4, instance:Test.PriceComparisonTest@6c779568] output={null}]]]>
              </value>
            </param>
          </params>
          <reporter-output>
          </reporter-output>
        </test-method> <!-- resultstatus -->
        <test-method is-config="true" signature="beforemethod(java.lang.reflect.Method)[pri:0, instance:Test.PriceComparisonTest@6c779568]" started-at="2020-02-26T19:51:38 IST" name="beforemethod" finished-at="2020-02-26T19:51:38 IST" duration-ms="0" status="PASS">
          <params>
            <param index="0">
              <value>
                <![CDATA[public void Test.FlipkartPageTest.enterValueInSearchBox()]]>
              </value>
            </param>
          </params>
          <reporter-output>
          </reporter-output>
        </test-method> <!-- beforemethod -->
        <test-method signature="enterValueInSearchBox()[pri:5, instance:Test.PriceComparisonTest@6c779568]" started-at="2020-02-26T19:51:38 IST" name="enterValueInSearchBox" finished-at="2020-02-26T19:51:39 IST" duration-ms="743" status="PASS">
          <reporter-output>
          </reporter-output>
        </test-method> <!-- enterValueInSearchBox -->
        <test-method is-config="true" signature="resultstatus(org.testng.ITestResult)[pri:0, instance:Test.PriceComparisonTest@6c779568]" started-at="2020-02-26T19:51:39 IST" name="resultstatus" finished-at="2020-02-26T19:51:39 IST" duration-ms="444" status="PASS">
          <params>
            <param index="0">
              <value>
                <![CDATA[[TestResult name=enterValueInSearchBox status=SUCCESS method=FlipkartPageTest.enterValueInSearchBox()[pri:5, instance:Test.PriceComparisonTest@6c779568] output={null}]]]>
              </value>
            </param>
          </params>
          <reporter-output>
          </reporter-output>
        </test-method> <!-- resultstatus -->
        <test-method signature="phone_price()[pri:6, instance:Test.PriceComparisonTest@6c779568]" started-at="2020-02-26T19:51:39 IST" name="phone_price" finished-at="2020-02-26T19:51:42 IST" duration-ms="2601" status="PASS">
          <reporter-output>
          </reporter-output>
        </test-method> <!-- phone_price -->
        <test-method is-config="true" signature="beforemethod(java.lang.reflect.Method)[pri:0, instance:Test.PriceComparisonTest@6c779568]" started-at="2020-02-26T19:51:39 IST" name="beforemethod" finished-at="2020-02-26T19:51:39 IST" duration-ms="0" status="PASS">
          <params>
            <param index="0">
              <value>
                <![CDATA[public void Test.FlipkartPageTest.phone_price()]]>
              </value>
            </param>
          </params>
          <reporter-output>
          </reporter-output>
        </test-method> <!-- beforemethod -->
        <test-method is-config="true" signature="resultstatus(org.testng.ITestResult)[pri:0, instance:Test.PriceComparisonTest@6c779568]" started-at="2020-02-26T19:51:42 IST" name="resultstatus" finished-at="2020-02-26T19:51:42 IST" duration-ms="344" status="PASS">
          <params>
            <param index="0">
              <value>
                <![CDATA[[TestResult name=phone_price status=SUCCESS method=FlipkartPageTest.phone_price()[pri:6, instance:Test.PriceComparisonTest@6c779568] output={null}]]]>
              </value>
            </param>
          </params>
          <reporter-output>
          </reporter-output>
        </test-method> <!-- resultstatus -->
        <test-method signature="priceComparison()[pri:7, instance:Test.PriceComparisonTest@6c779568]" started-at="2020-02-26T19:51:42 IST" name="priceComparison" finished-at="2020-02-26T19:51:42 IST" duration-ms="104" status="PASS">
          <reporter-output>
          </reporter-output>
        </test-method> <!-- priceComparison -->
        <test-method is-config="true" signature="beforemethod(java.lang.reflect.Method)[pri:0, instance:Test.PriceComparisonTest@6c779568]" started-at="2020-02-26T19:51:42 IST" name="beforemethod" finished-at="2020-02-26T19:51:42 IST" duration-ms="0" status="PASS">
          <params>
            <param index="0">
              <value>
                <![CDATA[public void Test.PriceComparisonTest.priceComparison()]]>
              </value>
            </param>
          </params>
          <reporter-output>
          </reporter-output>
        </test-method> <!-- beforemethod -->
        <test-method is-config="true" signature="resultstatus(org.testng.ITestResult)[pri:0, instance:Test.PriceComparisonTest@6c779568]" started-at="2020-02-26T19:51:42 IST" name="resultstatus" finished-at="2020-02-26T19:51:42 IST" duration-ms="383" status="PASS">
          <params>
            <param index="0">
              <value>
                <![CDATA[[TestResult name=priceComparison status=SUCCESS method=PriceComparisonTest.priceComparison()[pri:7, instance:Test.PriceComparisonTest@6c779568] output={null}]]]>
              </value>
            </param>
          </params>
          <reporter-output>
          </reporter-output>
        </test-method> <!-- resultstatus -->
        <test-method is-config="true" signature="afterTest()[pri:0, instance:Test.PriceComparisonTest@6c779568]" started-at="2020-02-26T19:51:42 IST" name="afterTest" finished-at="2020-02-26T19:51:42 IST" duration-ms="0" status="PASS">
          <reporter-output>
          </reporter-output>
        </test-method> <!-- afterTest -->
        <test-method is-config="true" signature="aftersuite()[pri:0, instance:Test.PriceComparisonTest@6c779568]" started-at="2020-02-26T19:51:42 IST" name="aftersuite" finished-at="2020-02-26T19:51:43 IST" duration-ms="435" status="PASS">
          <reporter-output>
          </reporter-output>
        </test-method> <!-- aftersuite -->
      </class> <!-- Test.PriceComparisonTest -->
    </test> <!-- Default test -->
  </suite> <!-- Default suite -->
</testng-results>
