<?xml version="1.0" encoding="UTF-8"?>
<!-- Generated by org.testng.reporters.JUnitXMLReporter -->
<testsuite ignored="0" hostname="DESKTOP-OIGE0TE" failures="0" tests="8" name="Default test" time="54.738" errors="0" timestamp="2020-02-26T19:51:42 IST">
  <testcase classname="Test.AmazonPageTest" name="homePage" time="23.378"/>
  <testcase classname="Test.AmazonPageTest" name="navigate_to_amazonPage" time="0.25"/>
  <testcase classname="Test.AmazonPageTest" name="enteringValueInSearch" time="10.242"/>
  <testcase classname="Test.AmazonPageTest" name="getting_the_price_of_the_phone" time="0.059"/>
  <testcase classname="Test.FlipkartPageTest" name="navigate_to_flipkartPage" time="13.349"/>
  <testcase classname="Test.FlipkartPageTest" name="enterValueInSearchBox" time="0.743"/>
  <testcase classname="Test.FlipkartPageTest" name="phone_price" time="2.601"/>
  <testcase classname="Test.PriceComparisonTest" name="priceComparison" time="0.104"/>
</testsuite> <!-- Default test -->
